<?xml version="1.0" encoding="UTF-8"?>
<!-- Generated by org.testng.reporters.JUnitXMLReporter -->
<testsuite hostname="LAPTOP-E8JFTR4T" ignored="3" name="Test" tests="1" failures="0" timestamp="16 Nov 2022 13:41:26 GMT" time="0.088" errors="0">
  <testcase name="T2" time="0.021" classname="org.sample.SampleTestng"/>
  <testcase name="T1" time="0.0" classname="org.sample.SampleTestng">
    <ignored/>
  </testcase> <!-- T1 -->
  <testcase name="T4" time="0.0" classname="org.sample.SampleTestng">
    <ignored/>
  </testcase> <!-- T4 -->
  <testcase name="T3" time="0.0" classname="org.sample.SampleTestng">
    <ignored/>
  </testcase> <!-- T3 -->
</testsuite> <!-- Test -->
