<?xml version="1.0" encoding="UTF-8"?>
<testng-results skipped="0" failed="0" ignored="3" total="4" passed="1">
  <reporter-output>
  </reporter-output>
  <suite name="Suite" duration-ms="88" started-at="2022-11-16T13:41:26Z" finished-at="2022-11-16T13:41:26Z">
    <groups>
      <group name="@melo">
        <method signature="SampleTestng.T2()[pri:0, instance:org.sample.SampleTestng@26be92ad]" name="T2" class="org.sample.SampleTestng"/>
      </group> <!-- @melo -->
    </groups>
    <test name="Test" duration-ms="88" started-at="2022-11-16T13:41:26Z" finished-at="2022-11-16T13:41:26Z">
      <class name="org.sample.SampleTestng">
        <test-method status="PASS" signature="T2()[pri:0, instance:org.sample.SampleTestng@26be92ad]" name="T2" duration-ms="21" started-at="2022-11-16T13:41:26Z" finished-at="2022-11-16T13:41:26Z">
          <reporter-output>
          </reporter-output>
        </test-method> <!-- T2 -->
      </class> <!-- org.sample.SampleTestng -->
    </test> <!-- Test -->
  </suite> <!-- Suite -->
</testng-results>
